[2024-05-27 08:04:36] [1] [WARN] Reporting disabled: using no op test run registrar
[2024-05-27 08:04:36] [1] [INFO] TEST [SpotifyCarina - testCheckoutProcess] STARTED at [17:04:36 2024-05-27]
[2024-05-27 08:04:37] [1] [INFO] PASS: element 'productByIndex' is clicked.
[2024-05-27 08:04:39] [1] [INFO] PASS: element 'iconCart' is clicked.
[2024-05-27 08:04:41] [1] [INFO] PASS: element 'checkOutBtn' is clicked.
[2024-05-27 08:04:44] [1] [INFO] PASS: keys 'george' are sent to element 'nameField'.
[2024-05-27 08:04:45] [1] [INFO] PASS: keys 'california' are sent to element 'lastNameField'.
[2024-05-27 08:04:47] [1] [INFO] PASS: keys '1725' are sent to element 'zipCodeField'.
[2024-05-27 08:04:49] [1] [INFO] PASS: element 'continueBtn' is clicked.
[2024-05-27 08:04:50] [1] [ERROR] TEST [SpotifyCarina - testCheckoutProcess] FAILED at [17:04:50 2024-05-27] - There is no any class that satisfy to required conditions: [parent class - com.spotify.carina.carina.demo.mobile.gui.pages.swaglabs.pages.android.CheckoutOverviewPage], [device type - ANDROID_PHONE]

com.zebrunner.carina.utils.factory.ICustomTypePageFactory.initPage(ICustomTypePageFactory.java:142)
com.spotify.carina.carina.demo.mobile.gui.pages.swaglabs.pages.android.CheckoutPage.clickContinueBtn(CheckoutPage.java:49)
com.spotify.carina.carina.demo.mobile.gui.pages.swaglabs.pages.android.CheckoutPage.clickContinueBtn(CheckoutPage.java:9)
testsswaglabs.SampleTest.testCheckoutProcess(SampleTest.java:66)
java.base/jdk.internal.reflect.NativeMethodAccessorImpl.invoke0(Native Method)
java.base/jdk.internal.reflect.NativeMethodAccessorImpl.invoke(NativeMethodAccessorImpl.java:77)
java.base/jdk.internal.reflect.DelegatingMethodAccessorImpl.invoke(DelegatingMethodAccessorImpl.java:43)
java.base/java.lang.reflect.Method.invoke(Method.java:568)
org.testng.internal.invokers.MethodInvocationHelper.invokeMethod(MethodInvocationHelper.java:139)
org.testng.internal.invokers.TestInvoker.invokeMethod(TestInvoker.java:677)
org.testng.internal.invokers.TestInvoker.invokeTestMethod(TestInvoker.java:221)
org.testng.internal.invokers.MethodRunner.runInSequence(MethodRunner.java:50)
org.testng.internal.invokers.TestInvoker$MethodInvocationAgent.invoke(TestInvoker.java:962)
org.testng.internal.invokers.TestInvoker.invokeTestMethods(TestInvoker.java:194)
org.testng.internal.invokers.TestMethodWorker.invokeTestMethods(TestMethodWorker.java:148)
org.testng.internal.invokers.TestMethodWorker.run(TestMethodWorker.java:128)
java.base/java.util.ArrayList.forEach(ArrayList.java:1511)
org.testng.TestRunner.privateRun(TestRunner.java:806)
org.testng.TestRunner.run(TestRunner.java:601)
org.testng.SuiteRunner.runTest(SuiteRunner.java:433)
org.testng.SuiteRunner.runSequentially(SuiteRunner.java:427)
org.testng.SuiteRunner.privateRun(SuiteRunner.java:387)
org.testng.SuiteRunner.run(SuiteRunner.java:330)
org.testng.SuiteRunnerWorker.runSuite(SuiteRunnerWorker.java:52)
org.testng.SuiteRunnerWorker.run(SuiteRunnerWorker.java:95)
org.testng.TestNG.runSuitesSequentially(TestNG.java:1256)
org.testng.TestNG.runSuitesLocally(TestNG.java:1176)
org.testng.TestNG.runSuites(TestNG.java:1099)
org.testng.TestNG.run(TestNG.java:1067)
com.intellij.rt.testng.IDEARemoteTestNG.run(IDEARemoteTestNG.java:66)
com.intellij.rt.testng.RemoteTestNGStarter.main(RemoteTestNGStarter.java:109)
