[2024-05-27 07:23:57] [1] [WARN] Reporting disabled: using no op test run registrar
[2024-05-27 07:23:57] [1] [INFO] TEST [SpotifyCarina - testCheckTitleOfProducts] STARTED at [16:23:57 2024-05-27]
[2024-05-27 07:23:57] [1] [INFO] Title: Sauce Labs Backpack
[2024-05-27 07:23:57] [1] [INFO] Title: Sauce Labs Backpack
[2024-05-27 07:23:58] [1] [INFO] Title: Sauce Labs Bike Light
[2024-05-27 07:23:58] [1] [INFO] Title: Sauce Labs Bike Light
[2024-05-27 07:24:18] [1] [ERROR] FAIL: get_text - waitCondition for element 'titleOfProduct (By.xpath: (//android.widget.TextView[@content-desc='test-Item title'])[3])' not satisfied!
[2024-05-27 07:24:20] [1] [ERROR] TEST [SpotifyCarina - testCheckTitleOfProducts] FAILED at [16:24:20 2024-05-27] - no such element By.xpath: (//android.widget.TextView[@content-desc='test-Item title'])[3]
For documentation on this error, please visit: https://selenium.dev/exceptions/#no_such_element
Build info: version: '4.4.0', revision: 'e5c75ed026a'
System info: host: 'solvds-MacBook-Pro.local', ip: 'fe80:0:0:0:fe:86b9:a8f9:e6a0%en0', os.name: 'Mac OS X', os.arch: 'aarch64', os.version: '14.4.1', java.version: '17.0.10'
Driver info: driver.version: unknown

com.zebrunner.carina.webdriver.locator.ExtendedElementLocator.findElement(ExtendedElementLocator.java:157)
org.openqa.selenium.support.pagefactory.internal.LocatingElementHandler.invoke(LocatingElementHandler.java:39)
jdk.proxy2/jdk.proxy2.$Proxy59.getText(Unknown Source)
com.zebrunner.carina.webdriver.decorator.ExtendedWebElement$3.doGetText(ExtendedWebElement.java:1625)
com.zebrunner.carina.webdriver.decorator.ExtendedWebElement.executeAction(ExtendedWebElement.java:1419)
com.zebrunner.carina.webdriver.decorator.ExtendedWebElement.overrideAction(ExtendedWebElement.java:1535)
com.zebrunner.carina.webdriver.decorator.ExtendedWebElement.doAction(ExtendedWebElement.java:1514)
com.zebrunner.carina.webdriver.decorator.ExtendedWebElement.doAction(ExtendedWebElement.java:1491)
com.zebrunner.carina.webdriver.decorator.ExtendedWebElement.getText(ExtendedWebElement.java:366)
com.spotify.carina.carina.demo.mobile.gui.pages.swaglabs.components.android.ProductListComponent.getTitleOfSelectedProduct(ProductListComponent.java:44)
testsswaglabs.SampleTest.testCheckTitleOfProducts(SampleTest.java:38)
java.base/jdk.internal.reflect.NativeMethodAccessorImpl.invoke0(Native Method)
java.base/jdk.internal.reflect.NativeMethodAccessorImpl.invoke(NativeMethodAccessorImpl.java:77)
java.base/jdk.internal.reflect.DelegatingMethodAccessorImpl.invoke(DelegatingMethodAccessorImpl.java:43)
java.base/java.lang.reflect.Method.invoke(Method.java:568)
org.testng.internal.invokers.MethodInvocationHelper.invokeMethod(MethodInvocationHelper.java:139)
org.testng.internal.invokers.TestInvoker.invokeMethod(TestInvoker.java:677)
org.testng.internal.invokers.TestInvoker.invokeTestMethod(TestInvoker.java:221)
org.testng.internal.invokers.MethodRunner.runInSequence(MethodRunner.java:50)
org.testng.internal.invokers.TestInvoker$MethodInvocationAgent.invoke(TestInvoker.java:962)
org.testng.internal.invokers.TestInvoker.invokeTestMethods(TestInvoker.java:194)
org.testng.internal.invokers.TestMethodWorker.invokeTestMethods(TestMethodWorker.java:148)
org.testng.internal.invokers.TestMethodWorker.run(TestMethodWorker.java:128)
java.base/java.util.ArrayList.forEach(ArrayList.java:1511)
org.testng.TestRunner.privateRun(TestRunner.java:806)
org.testng.TestRunner.run(TestRunner.java:601)
org.testng.SuiteRunner.runTest(SuiteRunner.java:433)
org.testng.SuiteRunner.runSequentially(SuiteRunner.java:427)
org.testng.SuiteRunner.privateRun(SuiteRunner.java:387)
org.testng.SuiteRunner.run(SuiteRunner.java:330)
org.testng.SuiteRunnerWorker.runSuite(SuiteRunnerWorker.java:52)
org.testng.SuiteRunnerWorker.run(SuiteRunnerWorker.java:95)
org.testng.TestNG.runSuitesSequentially(TestNG.java:1256)
org.testng.TestNG.runSuitesLocally(TestNG.java:1176)
org.testng.TestNG.runSuites(TestNG.java:1099)
org.testng.TestNG.run(TestNG.java:1067)
com.intellij.rt.testng.IDEARemoteTestNG.run(IDEARemoteTestNG.java:66)
com.intellij.rt.testng.RemoteTestNGStarter.main(RemoteTestNGStarter.java:109)
